
*** Running vivado
    with args -log hdmi_wrapper.vds -m64 -product Vivado -mode batch -messageDb vivado.pb -notrace -source hdmi_wrapper.tcl



****** Vivado v2020.1 (64-bit)
  **** SW Build 2902540 on Wed May 27 19:54:49 MDT 2020
  **** IP Build 2902112 on Wed May 27 22:43:36 MDT 2020
    ** Copyright 1986-2020 Xilinx, Inc. All Rights Reserved.

source hdmi_wrapper.tcl -notrace
INFO: [IP_Flow 19-234] Refreshing IP repositories
INFO: [IP_Flow 19-1700] Loaded user IP repository 'd:/vivado-library-master'.
INFO: [IP_Flow 19-2313] Loaded Vivado IP repository 'D:/Xilinx/Vivado/2020.1/data/ip'.
Command: synth_design -top hdmi_wrapper -part xc7a200tsbg484-1 -flatten_hierarchy none -directive RuntimeOptimized -fsm_extraction off
Starting synth_design
Attempting to get a license for feature 'Synthesis' and/or device 'xc7a200t'
INFO: [Common 17-349] Got license for feature 'Synthesis' and/or device 'xc7a200t'
INFO: [Device 21-403] Loading part xc7a200tsbg484-1
INFO: [Synth 8-7079] Multithreading enabled for synth_design using a maximum of 2 processes.
INFO: [Synth 8-7078] Launching helper process for spawning children vivado processes
INFO: [Synth 8-7075] Helper process launched with PID 13780
---------------------------------------------------------------------------------
Starting RTL Elaboration : Time (s): cpu = 00:00:04 ; elapsed = 00:00:04 . Memory (MB): peak = 1024.742 ; gain = 0.000
---------------------------------------------------------------------------------
INFO: [Synth 8-6157] synthesizing module 'hdmi_wrapper' [D:/hdmiAxi/hdmiAxi/hdmiAxi.srcs/sources_1/bd/hdmi/hdl/hdmi_wrapper.v:12]
INFO: [Synth 8-6157] synthesizing module 'hdmi' [D:/hdmiAxi/hdmiAxi/hdmiAxi.srcs/sources_1/bd/hdmi/synth/hdmi.v:13]
INFO: [Synth 8-6157] synthesizing module 'hdmi_clk_wiz_0_1' [D:/hdmiAxi/hdmiAxi/hdmiAxi.runs/synth_1/.Xil/Vivado-29172-PC1012002888/realtime/hdmi_clk_wiz_0_1_stub.v:5]
INFO: [Synth 8-6155] done synthesizing module 'hdmi_clk_wiz_0_1' (1#1) [D:/hdmiAxi/hdmiAxi/hdmiAxi.runs/synth_1/.Xil/Vivado-29172-PC1012002888/realtime/hdmi_clk_wiz_0_1_stub.v:5]
INFO: [Synth 8-6157] synthesizing module 'hdmi_dataGen_0_0' [D:/hdmiAxi/hdmiAxi/hdmiAxi.runs/synth_1/.Xil/Vivado-29172-PC1012002888/realtime/hdmi_dataGen_0_0_stub.v:6]
INFO: [Synth 8-6155] done synthesizing module 'hdmi_dataGen_0_0' (2#1) [D:/hdmiAxi/hdmiAxi/hdmiAxi.runs/synth_1/.Xil/Vivado-29172-PC1012002888/realtime/hdmi_dataGen_0_0_stub.v:6]
INFO: [Synth 8-6157] synthesizing module 'hdmi_proc_sys_reset_0_0' [D:/hdmiAxi/hdmiAxi/hdmiAxi.runs/synth_1/.Xil/Vivado-29172-PC1012002888/realtime/hdmi_proc_sys_reset_0_0_stub.v:6]
INFO: [Synth 8-6155] done synthesizing module 'hdmi_proc_sys_reset_0_0' (3#1) [D:/hdmiAxi/hdmiAxi/hdmiAxi.runs/synth_1/.Xil/Vivado-29172-PC1012002888/realtime/hdmi_proc_sys_reset_0_0_stub.v:6]
WARNING: [Synth 8-7071] port 'mb_reset' of module 'hdmi_proc_sys_reset_0_0' is unconnected for instance 'proc_sys_reset_0' [D:/hdmiAxi/hdmiAxi/hdmiAxi.srcs/sources_1/bd/hdmi/synth/hdmi.v:69]
WARNING: [Synth 8-7071] port 'bus_struct_reset' of module 'hdmi_proc_sys_reset_0_0' is unconnected for instance 'proc_sys_reset_0' [D:/hdmiAxi/hdmiAxi/hdmiAxi.srcs/sources_1/bd/hdmi/synth/hdmi.v:69]
WARNING: [Synth 8-7071] port 'peripheral_reset' of module 'hdmi_proc_sys_reset_0_0' is unconnected for instance 'proc_sys_reset_0' [D:/hdmiAxi/hdmiAxi/hdmiAxi.srcs/sources_1/bd/hdmi/synth/hdmi.v:69]
WARNING: [Synth 8-7071] port 'interconnect_aresetn' of module 'hdmi_proc_sys_reset_0_0' is unconnected for instance 'proc_sys_reset_0' [D:/hdmiAxi/hdmiAxi/hdmiAxi.srcs/sources_1/bd/hdmi/synth/hdmi.v:69]
WARNING: [Synth 8-7023] instance 'proc_sys_reset_0' of module 'hdmi_proc_sys_reset_0_0' has 10 connections declared, but only 6 given [D:/hdmiAxi/hdmiAxi/hdmiAxi.srcs/sources_1/bd/hdmi/synth/hdmi.v:69]
INFO: [Synth 8-6157] synthesizing module 'hdmi_rgb2dvi_1_0' [D:/hdmiAxi/hdmiAxi/hdmiAxi.runs/synth_1/.Xil/Vivado-29172-PC1012002888/realtime/hdmi_rgb2dvi_1_0_stub.v:6]
INFO: [Synth 8-6155] done synthesizing module 'hdmi_rgb2dvi_1_0' (4#1) [D:/hdmiAxi/hdmiAxi/hdmiAxi.runs/synth_1/.Xil/Vivado-29172-PC1012002888/realtime/hdmi_rgb2dvi_1_0_stub.v:6]
WARNING: [Synth 8-4446] all outputs are unconnected for this instance and logic may be removed [D:/hdmiAxi/hdmiAxi/hdmiAxi.srcs/sources_1/bd/hdmi/synth/hdmi.v:87]
INFO: [Synth 8-6157] synthesizing module 'hdmi_util_vector_logic_0_0' [D:/hdmiAxi/hdmiAxi/hdmiAxi.runs/synth_1/.Xil/Vivado-29172-PC1012002888/realtime/hdmi_util_vector_logic_0_0_stub.v:6]
INFO: [Synth 8-6155] done synthesizing module 'hdmi_util_vector_logic_0_0' (5#1) [D:/hdmiAxi/hdmiAxi/hdmiAxi.runs/synth_1/.Xil/Vivado-29172-PC1012002888/realtime/hdmi_util_vector_logic_0_0_stub.v:6]
WARNING: [Synth 8-7071] port 'Res' of module 'hdmi_util_vector_logic_0_0' is unconnected for instance 'util_vector_logic_0' [D:/hdmiAxi/hdmiAxi/hdmiAxi.srcs/sources_1/bd/hdmi/synth/hdmi.v:87]
WARNING: [Synth 8-7023] instance 'util_vector_logic_0' of module 'hdmi_util_vector_logic_0_0' has 2 connections declared, but only 1 given [D:/hdmiAxi/hdmiAxi/hdmiAxi.srcs/sources_1/bd/hdmi/synth/hdmi.v:87]
INFO: [Synth 8-6157] synthesizing module 'hdmi_v_axi4s_vid_out_0_0' [D:/hdmiAxi/hdmiAxi/hdmiAxi.runs/synth_1/.Xil/Vivado-29172-PC1012002888/realtime/hdmi_v_axi4s_vid_out_0_0_stub.v:6]
INFO: [Synth 8-6155] done synthesizing module 'hdmi_v_axi4s_vid_out_0_0' (6#1) [D:/hdmiAxi/hdmiAxi/hdmiAxi.runs/synth_1/.Xil/Vivado-29172-PC1012002888/realtime/hdmi_v_axi4s_vid_out_0_0_stub.v:6]
WARNING: [Synth 8-7071] port 'vid_vblank' of module 'hdmi_v_axi4s_vid_out_0_0' is unconnected for instance 'v_axi4s_vid_out_0' [D:/hdmiAxi/hdmiAxi/hdmiAxi.srcs/sources_1/bd/hdmi/synth/hdmi.v:89]
WARNING: [Synth 8-7071] port 'vid_hblank' of module 'hdmi_v_axi4s_vid_out_0_0' is unconnected for instance 'v_axi4s_vid_out_0' [D:/hdmiAxi/hdmiAxi/hdmiAxi.srcs/sources_1/bd/hdmi/synth/hdmi.v:89]
WARNING: [Synth 8-7071] port 'vid_field_id' of module 'hdmi_v_axi4s_vid_out_0_0' is unconnected for instance 'v_axi4s_vid_out_0' [D:/hdmiAxi/hdmiAxi/hdmiAxi.srcs/sources_1/bd/hdmi/synth/hdmi.v:89]
WARNING: [Synth 8-7071] port 'locked' of module 'hdmi_v_axi4s_vid_out_0_0' is unconnected for instance 'v_axi4s_vid_out_0' [D:/hdmiAxi/hdmiAxi/hdmiAxi.srcs/sources_1/bd/hdmi/synth/hdmi.v:89]
WARNING: [Synth 8-7071] port 'overflow' of module 'hdmi_v_axi4s_vid_out_0_0' is unconnected for instance 'v_axi4s_vid_out_0' [D:/hdmiAxi/hdmiAxi/hdmiAxi.srcs/sources_1/bd/hdmi/synth/hdmi.v:89]
WARNING: [Synth 8-7071] port 'underflow' of module 'hdmi_v_axi4s_vid_out_0_0' is unconnected for instance 'v_axi4s_vid_out_0' [D:/hdmiAxi/hdmiAxi/hdmiAxi.srcs/sources_1/bd/hdmi/synth/hdmi.v:89]
WARNING: [Synth 8-7071] port 'fifo_read_level' of module 'hdmi_v_axi4s_vid_out_0_0' is unconnected for instance 'v_axi4s_vid_out_0' [D:/hdmiAxi/hdmiAxi/hdmiAxi.srcs/sources_1/bd/hdmi/synth/hdmi.v:89]
WARNING: [Synth 8-7071] port 'status' of module 'hdmi_v_axi4s_vid_out_0_0' is unconnected for instance 'v_axi4s_vid_out_0' [D:/hdmiAxi/hdmiAxi/hdmiAxi.srcs/sources_1/bd/hdmi/synth/hdmi.v:89]
WARNING: [Synth 8-7023] instance 'v_axi4s_vid_out_0' of module 'hdmi_v_axi4s_vid_out_0_0' has 29 connections declared, but only 21 given [D:/hdmiAxi/hdmiAxi/hdmiAxi.srcs/sources_1/bd/hdmi/synth/hdmi.v:89]
INFO: [Synth 8-6157] synthesizing module 'hdmi_v_tc_0_0' [D:/hdmiAxi/hdmiAxi/hdmiAxi.runs/synth_1/.Xil/Vivado-29172-PC1012002888/realtime/hdmi_v_tc_0_0_stub.v:6]
INFO: [Synth 8-6155] done synthesizing module 'hdmi_v_tc_0_0' (7#1) [D:/hdmiAxi/hdmiAxi/hdmiAxi.runs/synth_1/.Xil/Vivado-29172-PC1012002888/realtime/hdmi_v_tc_0_0_stub.v:6]
WARNING: [Synth 8-7071] port 'fsync_out' of module 'hdmi_v_tc_0_0' is unconnected for instance 'v_tc_0' [D:/hdmiAxi/hdmiAxi/hdmiAxi.srcs/sources_1/bd/hdmi/synth/hdmi.v:111]
WARNING: [Synth 8-7023] instance 'v_tc_0' of module 'hdmi_v_tc_0_0' has 10 connections declared, but only 9 given [D:/hdmiAxi/hdmiAxi/hdmiAxi.srcs/sources_1/bd/hdmi/synth/hdmi.v:111]
INFO: [Synth 8-6157] synthesizing module 'hdmi_xlconstant_0_0' [d:/hdmiAxi/hdmiAxi/hdmiAxi.srcs/sources_1/bd/hdmi/ip/hdmi_xlconstant_0_0/synth/hdmi_xlconstant_0_0.v:57]
INFO: [Synth 8-6157] synthesizing module 'xlconstant_v1_1_7_xlconstant' [d:/hdmiAxi/hdmiAxi/hdmiAxi.srcs/sources_1/bd/hdmi/ipshared/fcfc/hdl/xlconstant_v1_1_vl_rfs.v:23]
	Parameter CONST_VAL bound to: 1 - type: integer 
	Parameter CONST_WIDTH bound to: 1 - type: integer 
INFO: [Synth 8-6155] done synthesizing module 'xlconstant_v1_1_7_xlconstant' (8#1) [d:/hdmiAxi/hdmiAxi/hdmiAxi.srcs/sources_1/bd/hdmi/ipshared/fcfc/hdl/xlconstant_v1_1_vl_rfs.v:23]
INFO: [Synth 8-6155] done synthesizing module 'hdmi_xlconstant_0_0' (9#1) [d:/hdmiAxi/hdmiAxi/hdmiAxi.srcs/sources_1/bd/hdmi/ip/hdmi_xlconstant_0_0/synth/hdmi_xlconstant_0_0.v:57]
INFO: [Synth 8-6155] done synthesizing module 'hdmi' (10#1) [D:/hdmiAxi/hdmiAxi/hdmiAxi.srcs/sources_1/bd/hdmi/synth/hdmi.v:13]
INFO: [Synth 8-6155] done synthesizing module 'hdmi_wrapper' (11#1) [D:/hdmiAxi/hdmiAxi/hdmiAxi.srcs/sources_1/bd/hdmi/hdl/hdmi_wrapper.v:12]
---------------------------------------------------------------------------------
Finished RTL Elaboration : Time (s): cpu = 00:00:04 ; elapsed = 00:00:05 . Memory (MB): peak = 1024.742 ; gain = 0.000
---------------------------------------------------------------------------------
---------------------------------------------------------------------------------
Start Handling Custom Attributes
---------------------------------------------------------------------------------
---------------------------------------------------------------------------------
Finished Handling Custom Attributes : Time (s): cpu = 00:00:05 ; elapsed = 00:00:05 . Memory (MB): peak = 1024.742 ; gain = 0.000
---------------------------------------------------------------------------------
---------------------------------------------------------------------------------
Finished RTL Optimization Phase 1 : Time (s): cpu = 00:00:05 ; elapsed = 00:00:05 . Memory (MB): peak = 1024.742 ; gain = 0.000
---------------------------------------------------------------------------------
Netlist sorting complete. Time (s): cpu = 00:00:00 ; elapsed = 00:00:00.001 . Memory (MB): peak = 1024.742 ; gain = 0.000
INFO: [Project 1-570] Preparing netlist for logic optimization

Processing XDC Constraints
Initializing timing engine
Parsing XDC File [d:/hdmiAxi/hdmiAxi/hdmiAxi.srcs/sources_1/bd/hdmi/ip/hdmi_clk_wiz_0_1/hdmi_clk_wiz_0_1/hdmi_clk_wiz_0_1_in_context.xdc] for cell 'hdmi_i/clk_wiz_0'
WARNING: [Vivado 12-584] No ports matched ''. [d:/hdmiAxi/hdmiAxi/hdmiAxi.srcs/sources_1/bd/hdmi/ip/hdmi_clk_wiz_0_1/hdmi_clk_wiz_0_1/hdmi_clk_wiz_0_1_in_context.xdc:1]
WARNING: [Vivado 12-584] No ports matched ''. [d:/hdmiAxi/hdmiAxi/hdmiAxi.srcs/sources_1/bd/hdmi/ip/hdmi_clk_wiz_0_1/hdmi_clk_wiz_0_1/hdmi_clk_wiz_0_1_in_context.xdc:4]
Finished Parsing XDC File [d:/hdmiAxi/hdmiAxi/hdmiAxi.srcs/sources_1/bd/hdmi/ip/hdmi_clk_wiz_0_1/hdmi_clk_wiz_0_1/hdmi_clk_wiz_0_1_in_context.xdc] for cell 'hdmi_i/clk_wiz_0'
Parsing XDC File [d:/hdmiAxi/hdmiAxi/hdmiAxi.srcs/sources_1/bd/hdmi/ip/hdmi_v_axi4s_vid_out_0_0/hdmi_v_axi4s_vid_out_0_0/hdmi_v_axi4s_vid_out_0_0_in_context.xdc] for cell 'hdmi_i/v_axi4s_vid_out_0'
Finished Parsing XDC File [d:/hdmiAxi/hdmiAxi/hdmiAxi.srcs/sources_1/bd/hdmi/ip/hdmi_v_axi4s_vid_out_0_0/hdmi_v_axi4s_vid_out_0_0/hdmi_v_axi4s_vid_out_0_0_in_context.xdc] for cell 'hdmi_i/v_axi4s_vid_out_0'
Parsing XDC File [d:/hdmiAxi/hdmiAxi/hdmiAxi.srcs/sources_1/bd/hdmi/ip/hdmi_v_tc_0_0/hdmi_v_tc_0_0/hdmi_v_tc_0_0_in_context.xdc] for cell 'hdmi_i/v_tc_0'
Finished Parsing XDC File [d:/hdmiAxi/hdmiAxi/hdmiAxi.srcs/sources_1/bd/hdmi/ip/hdmi_v_tc_0_0/hdmi_v_tc_0_0/hdmi_v_tc_0_0_in_context.xdc] for cell 'hdmi_i/v_tc_0'
Parsing XDC File [d:/hdmiAxi/hdmiAxi/hdmiAxi.srcs/sources_1/bd/hdmi/ip/hdmi_rgb2dvi_1_0/hdmi_rgb2dvi_1_0/hdmi_rgb2dvi_1_0_in_context.xdc] for cell 'hdmi_i/rgb2dvi_1'
Finished Parsing XDC File [d:/hdmiAxi/hdmiAxi/hdmiAxi.srcs/sources_1/bd/hdmi/ip/hdmi_rgb2dvi_1_0/hdmi_rgb2dvi_1_0/hdmi_rgb2dvi_1_0_in_context.xdc] for cell 'hdmi_i/rgb2dvi_1'
Parsing XDC File [d:/hdmiAxi/hdmiAxi/hdmiAxi.srcs/sources_1/bd/hdmi/ip/hdmi_proc_sys_reset_0_0/hdmi_proc_sys_reset_0_0/hdmi_proc_sys_reset_0_0_in_context.xdc] for cell 'hdmi_i/proc_sys_reset_0'
Finished Parsing XDC File [d:/hdmiAxi/hdmiAxi/hdmiAxi.srcs/sources_1/bd/hdmi/ip/hdmi_proc_sys_reset_0_0/hdmi_proc_sys_reset_0_0/hdmi_proc_sys_reset_0_0_in_context.xdc] for cell 'hdmi_i/proc_sys_reset_0'
Parsing XDC File [d:/hdmiAxi/hdmiAxi/hdmiAxi.srcs/sources_1/bd/hdmi/ip/hdmi_dataGen_0_0/hdmi_dataGen_0_0/hdmi_dataGen_0_0_in_context.xdc] for cell 'hdmi_i/dataGen_0'
Finished Parsing XDC File [d:/hdmiAxi/hdmiAxi/hdmiAxi.srcs/sources_1/bd/hdmi/ip/hdmi_dataGen_0_0/hdmi_dataGen_0_0/hdmi_dataGen_0_0_in_context.xdc] for cell 'hdmi_i/dataGen_0'
Parsing XDC File [d:/hdmiAxi/hdmiAxi/hdmiAxi.srcs/sources_1/bd/hdmi/ip/hdmi_util_vector_logic_0_0/hdmi_util_vector_logic_0_0/hdmi_util_vector_logic_0_0_in_context.xdc] for cell 'hdmi_i/util_vector_logic_0'
Finished Parsing XDC File [d:/hdmiAxi/hdmiAxi/hdmiAxi.srcs/sources_1/bd/hdmi/ip/hdmi_util_vector_logic_0_0/hdmi_util_vector_logic_0_0/hdmi_util_vector_logic_0_0_in_context.xdc] for cell 'hdmi_i/util_vector_logic_0'
Parsing XDC File [D:/digilent-xdc-master/Nexys-Video-Master.xdc]
WARNING: [Vivado 12-507] No nets matched 'hdmi_i/clk_wiz_0/inst/clk_in1_hdmi_clk_wiz_0_1'. [D:/digilent-xdc-master/Nexys-Video-Master.xdc:11]
Finished Parsing XDC File [D:/digilent-xdc-master/Nexys-Video-Master.xdc]
WARNING: [Project 1-498] One or more constraints failed evaluation while reading constraint file [D:/digilent-xdc-master/Nexys-Video-Master.xdc] and the design contains unresolved black boxes. These constraints will be read post-synthesis (as long as their source constraint file is marked as used_in_implementation) and should be applied correctly then. You should review the constraints listed in the file [.Xil/hdmi_wrapper_propImpl.xdc] and check the run log file to verify that these constraints were correctly applied.
INFO: [Project 1-236] Implementation specific constraints were found while reading constraint file [D:/digilent-xdc-master/Nexys-Video-Master.xdc]. These constraints will be ignored for synthesis but will be used in implementation. Impacted constraints are listed in the file [.Xil/hdmi_wrapper_propImpl.xdc].
Resolution: To avoid this warning, move constraints listed in [.Xil/hdmi_wrapper_propImpl.xdc] to another XDC file and exclude this new file from synthesis with the used_in_synthesis property (File Properties dialog in GUI) and re-run elaboration/synthesis.
Parsing XDC File [D:/hdmiAxi/hdmiAxi/hdmiAxi.runs/synth_1/dont_touch.xdc]
Finished Parsing XDC File [D:/hdmiAxi/hdmiAxi/hdmiAxi.runs/synth_1/dont_touch.xdc]
Completed Processing XDC Constraints

Netlist sorting complete. Time (s): cpu = 00:00:00 ; elapsed = 00:00:00 . Memory (MB): peak = 1050.211 ; gain = 0.000
INFO: [Project 1-111] Unisim Transformation Summary:
No Unisim elements were transformed.

Constraint Validation Runtime : Time (s): cpu = 00:00:00 ; elapsed = 00:00:00.005 . Memory (MB): peak = 1050.211 ; gain = 0.000
---------------------------------------------------------------------------------
Finished Constraint Validation : Time (s): cpu = 00:00:11 ; elapsed = 00:00:11 . Memory (MB): peak = 1050.211 ; gain = 25.469
---------------------------------------------------------------------------------
---------------------------------------------------------------------------------
Start Loading Part and Timing Information
---------------------------------------------------------------------------------
Loading part: xc7a200tsbg484-1
---------------------------------------------------------------------------------
Finished Loading Part and Timing Information : Time (s): cpu = 00:00:11 ; elapsed = 00:00:11 . Memory (MB): peak = 1050.211 ; gain = 25.469
---------------------------------------------------------------------------------
---------------------------------------------------------------------------------
Start Applying 'set_property' XDC Constraints
---------------------------------------------------------------------------------
Applied set_property IO_BUFFER_TYPE = NONE for sys_clock. (constraint file  d:/hdmiAxi/hdmiAxi/hdmiAxi.srcs/sources_1/bd/hdmi/ip/hdmi_clk_wiz_0_1/hdmi_clk_wiz_0_1/hdmi_clk_wiz_0_1_in_context.xdc, line 5).
Applied set_property CLOCK_BUFFER_TYPE = NONE for sys_clock. (constraint file  d:/hdmiAxi/hdmiAxi/hdmiAxi.srcs/sources_1/bd/hdmi/ip/hdmi_clk_wiz_0_1/hdmi_clk_wiz_0_1/hdmi_clk_wiz_0_1_in_context.xdc, line 6).
Applied set_property IO_BUFFER_TYPE = NONE for hdmi_out_clk_n. (constraint file  d:/hdmiAxi/hdmiAxi/hdmiAxi.srcs/sources_1/bd/hdmi/ip/hdmi_rgb2dvi_1_0/hdmi_rgb2dvi_1_0/hdmi_rgb2dvi_1_0_in_context.xdc, line 1).
Applied set_property CLOCK_BUFFER_TYPE = NONE for hdmi_out_clk_n. (constraint file  d:/hdmiAxi/hdmiAxi/hdmiAxi.srcs/sources_1/bd/hdmi/ip/hdmi_rgb2dvi_1_0/hdmi_rgb2dvi_1_0/hdmi_rgb2dvi_1_0_in_context.xdc, line 2).
Applied set_property IO_BUFFER_TYPE = NONE for hdmi_out_clk_p. (constraint file  d:/hdmiAxi/hdmiAxi/hdmiAxi.srcs/sources_1/bd/hdmi/ip/hdmi_rgb2dvi_1_0/hdmi_rgb2dvi_1_0/hdmi_rgb2dvi_1_0_in_context.xdc, line 3).
Applied set_property CLOCK_BUFFER_TYPE = NONE for hdmi_out_clk_p. (constraint file  d:/hdmiAxi/hdmiAxi/hdmiAxi.srcs/sources_1/bd/hdmi/ip/hdmi_rgb2dvi_1_0/hdmi_rgb2dvi_1_0/hdmi_rgb2dvi_1_0_in_context.xdc, line 4).
Applied set_property IO_BUFFER_TYPE = NONE for hdmi_out_data_n[0]. (constraint file  d:/hdmiAxi/hdmiAxi/hdmiAxi.srcs/sources_1/bd/hdmi/ip/hdmi_rgb2dvi_1_0/hdmi_rgb2dvi_1_0/hdmi_rgb2dvi_1_0_in_context.xdc, line 5).
Applied set_property CLOCK_BUFFER_TYPE = NONE for hdmi_out_data_n[0]. (constraint file  d:/hdmiAxi/hdmiAxi/hdmiAxi.srcs/sources_1/bd/hdmi/ip/hdmi_rgb2dvi_1_0/hdmi_rgb2dvi_1_0/hdmi_rgb2dvi_1_0_in_context.xdc, line 6).
Applied set_property IO_BUFFER_TYPE = NONE for hdmi_out_data_n[1]. (constraint file  d:/hdmiAxi/hdmiAxi/hdmiAxi.srcs/sources_1/bd/hdmi/ip/hdmi_rgb2dvi_1_0/hdmi_rgb2dvi_1_0/hdmi_rgb2dvi_1_0_in_context.xdc, line 7).
Applied set_property CLOCK_BUFFER_TYPE = NONE for hdmi_out_data_n[1]. (constraint file  d:/hdmiAxi/hdmiAxi/hdmiAxi.srcs/sources_1/bd/hdmi/ip/hdmi_rgb2dvi_1_0/hdmi_rgb2dvi_1_0/hdmi_rgb2dvi_1_0_in_context.xdc, line 8).
Applied set_property IO_BUFFER_TYPE = NONE for hdmi_out_data_n[2]. (constraint file  d:/hdmiAxi/hdmiAxi/hdmiAxi.srcs/sources_1/bd/hdmi/ip/hdmi_rgb2dvi_1_0/hdmi_rgb2dvi_1_0/hdmi_rgb2dvi_1_0_in_context.xdc, line 9).
Applied set_property CLOCK_BUFFER_TYPE = NONE for hdmi_out_data_n[2]. (constraint file  d:/hdmiAxi/hdmiAxi/hdmiAxi.srcs/sources_1/bd/hdmi/ip/hdmi_rgb2dvi_1_0/hdmi_rgb2dvi_1_0/hdmi_rgb2dvi_1_0_in_context.xdc, line 10).
Applied set_property IO_BUFFER_TYPE = NONE for hdmi_out_data_p[0]. (constraint file  d:/hdmiAxi/hdmiAxi/hdmiAxi.srcs/sources_1/bd/hdmi/ip/hdmi_rgb2dvi_1_0/hdmi_rgb2dvi_1_0/hdmi_rgb2dvi_1_0_in_context.xdc, line 11).
Applied set_property CLOCK_BUFFER_TYPE = NONE for hdmi_out_data_p[0]. (constraint file  d:/hdmiAxi/hdmiAxi/hdmiAxi.srcs/sources_1/bd/hdmi/ip/hdmi_rgb2dvi_1_0/hdmi_rgb2dvi_1_0/hdmi_rgb2dvi_1_0_in_context.xdc, line 12).
Applied set_property IO_BUFFER_TYPE = NONE for hdmi_out_data_p[1]. (constraint file  d:/hdmiAxi/hdmiAxi/hdmiAxi.srcs/sources_1/bd/hdmi/ip/hdmi_rgb2dvi_1_0/hdmi_rgb2dvi_1_0/hdmi_rgb2dvi_1_0_in_context.xdc, line 13).
Applied set_property CLOCK_BUFFER_TYPE = NONE for hdmi_out_data_p[1]. (constraint file  d:/hdmiAxi/hdmiAxi/hdmiAxi.srcs/sources_1/bd/hdmi/ip/hdmi_rgb2dvi_1_0/hdmi_rgb2dvi_1_0/hdmi_rgb2dvi_1_0_in_context.xdc, line 14).
Applied set_property IO_BUFFER_TYPE = NONE for hdmi_out_data_p[2]. (constraint file  d:/hdmiAxi/hdmiAxi/hdmiAxi.srcs/sources_1/bd/hdmi/ip/hdmi_rgb2dvi_1_0/hdmi_rgb2dvi_1_0/hdmi_rgb2dvi_1_0_in_context.xdc, line 15).
Applied set_property CLOCK_BUFFER_TYPE = NONE for hdmi_out_data_p[2]. (constraint file  d:/hdmiAxi/hdmiAxi/hdmiAxi.srcs/sources_1/bd/hdmi/ip/hdmi_rgb2dvi_1_0/hdmi_rgb2dvi_1_0/hdmi_rgb2dvi_1_0_in_context.xdc, line 16).
Applied set_property DONT_TOUCH = true for hdmi_i. (constraint file  auto generated constraint, line ).
Applied set_property DONT_TOUCH = true for hdmi_i/clk_wiz_0. (constraint file  auto generated constraint, line ).
Applied set_property DONT_TOUCH = true for hdmi_i/v_axi4s_vid_out_0. (constraint file  auto generated constraint, line ).
Applied set_property DONT_TOUCH = true for hdmi_i/v_tc_0. (constraint file  auto generated constraint, line ).
Applied set_property DONT_TOUCH = true for hdmi_i/rgb2dvi_1. (constraint file  auto generated constraint, line ).
Applied set_property DONT_TOUCH = true for hdmi_i/proc_sys_reset_0. (constraint file  auto generated constraint, line ).
Applied set_property DONT_TOUCH = true for hdmi_i/xlconstant_0. (constraint file  auto generated constraint, line ).
Applied set_property DONT_TOUCH = true for hdmi_i/dataGen_0. (constraint file  auto generated constraint, line ).
Applied set_property DONT_TOUCH = true for hdmi_i/util_vector_logic_0. (constraint file  auto generated constraint, line ).
---------------------------------------------------------------------------------
Finished applying 'set_property' XDC Constraints : Time (s): cpu = 00:00:11 ; elapsed = 00:00:11 . Memory (MB): peak = 1050.211 ; gain = 25.469
---------------------------------------------------------------------------------
---------------------------------------------------------------------------------
Finished RTL Optimization Phase 2 : Time (s): cpu = 00:00:11 ; elapsed = 00:00:12 . Memory (MB): peak = 1050.211 ; gain = 25.469
---------------------------------------------------------------------------------
---------------------------------------------------------------------------------
Start RTL Component Statistics 
---------------------------------------------------------------------------------
Detailed RTL Component Info : 
---------------------------------------------------------------------------------
Finished RTL Component Statistics 
---------------------------------------------------------------------------------
---------------------------------------------------------------------------------
Start Part Resource Summary
---------------------------------------------------------------------------------
Part Resources:
DSPs: 740 (col length:100)
BRAMs: 730 (col length: RAMB18 100 RAMB36 50)
---------------------------------------------------------------------------------
Finished Part Resource Summary
---------------------------------------------------------------------------------
---------------------------------------------------------------------------------
Start Cross Boundary and Area Optimization
---------------------------------------------------------------------------------
---------------------------------------------------------------------------------
Finished Cross Boundary and Area Optimization : Time (s): cpu = 00:00:12 ; elapsed = 00:00:13 . Memory (MB): peak = 1050.211 ; gain = 25.469
---------------------------------------------------------------------------------
---------------------------------------------------------------------------------
Start Applying XDC Timing Constraints
---------------------------------------------------------------------------------
---------------------------------------------------------------------------------
Finished Applying XDC Timing Constraints : Time (s): cpu = 00:00:19 ; elapsed = 00:00:20 . Memory (MB): peak = 1087.246 ; gain = 62.504
---------------------------------------------------------------------------------
---------------------------------------------------------------------------------
Start Technology Mapping
---------------------------------------------------------------------------------
---------------------------------------------------------------------------------
Finished Technology Mapping : Time (s): cpu = 00:00:19 ; elapsed = 00:00:20 . Memory (MB): peak = 1106.352 ; gain = 81.609
---------------------------------------------------------------------------------
---------------------------------------------------------------------------------
Start IO Insertion
---------------------------------------------------------------------------------
---------------------------------------------------------------------------------
Start Final Netlist Cleanup
---------------------------------------------------------------------------------
---------------------------------------------------------------------------------
Finished Final Netlist Cleanup
---------------------------------------------------------------------------------
---------------------------------------------------------------------------------
Finished IO Insertion : Time (s): cpu = 00:00:23 ; elapsed = 00:00:24 . Memory (MB): peak = 1113.129 ; gain = 88.387
---------------------------------------------------------------------------------
---------------------------------------------------------------------------------
Start Renaming Generated Instances
---------------------------------------------------------------------------------
---------------------------------------------------------------------------------
Finished Renaming Generated Instances : Time (s): cpu = 00:00:23 ; elapsed = 00:00:24 . Memory (MB): peak = 1113.129 ; gain = 88.387
---------------------------------------------------------------------------------
---------------------------------------------------------------------------------
Start Handling Custom Attributes
---------------------------------------------------------------------------------
---------------------------------------------------------------------------------
Finished Handling Custom Attributes : Time (s): cpu = 00:00:23 ; elapsed = 00:00:24 . Memory (MB): peak = 1113.129 ; gain = 88.387
---------------------------------------------------------------------------------
---------------------------------------------------------------------------------
Start Writing Synthesis Report
---------------------------------------------------------------------------------

Report BlackBoxes: 
+------+---------------------------+----------+
|      |BlackBox name              |Instances |
+------+---------------------------+----------+
|1     |hdmi_clk_wiz_0_1           |         1|
|2     |hdmi_dataGen_0_0           |         1|
|3     |hdmi_proc_sys_reset_0_0    |         1|
|4     |hdmi_rgb2dvi_1_0           |         1|
|5     |hdmi_util_vector_logic_0_0 |         1|
|6     |hdmi_v_axi4s_vid_out_0_0   |         1|
|7     |hdmi_v_tc_0_0              |         1|
+------+---------------------------+----------+

Report Cell Usage: 
+------+-------------------------+------+
|      |Cell                     |Count |
+------+-------------------------+------+
|1     |hdmi_clk_wiz_0           |     1|
|2     |hdmi_dataGen_0           |     1|
|3     |hdmi_proc_sys_reset_0    |     1|
|4     |hdmi_rgb2dvi_1           |     1|
|5     |hdmi_util_vector_logic_0 |     1|
|6     |hdmi_v_axi4s_vid_out_0   |     1|
|7     |hdmi_v_tc_0              |     1|
|8     |IBUF                     |     1|
+------+-------------------------+------+
---------------------------------------------------------------------------------
Finished Writing Synthesis Report : Time (s): cpu = 00:00:23 ; elapsed = 00:00:24 . Memory (MB): peak = 1113.129 ; gain = 88.387
---------------------------------------------------------------------------------
Synthesis finished with 0 errors, 0 critical warnings and 0 warnings.
Synthesis Optimization Runtime : Time (s): cpu = 00:00:16 ; elapsed = 00:00:21 . Memory (MB): peak = 1113.129 ; gain = 62.918
Synthesis Optimization Complete : Time (s): cpu = 00:00:23 ; elapsed = 00:00:24 . Memory (MB): peak = 1113.129 ; gain = 88.387
INFO: [Project 1-571] Translating synthesized netlist
Netlist sorting complete. Time (s): cpu = 00:00:00 ; elapsed = 00:00:00.001 . Memory (MB): peak = 1125.176 ; gain = 0.000
INFO: [Project 1-570] Preparing netlist for logic optimization
INFO: [Opt 31-138] Pushed 0 inverter(s) to 0 load pin(s).
Netlist sorting complete. Time (s): cpu = 00:00:00 ; elapsed = 00:00:00.001 . Memory (MB): peak = 1132.301 ; gain = 0.000
INFO: [Project 1-111] Unisim Transformation Summary:
No Unisim elements were transformed.

INFO: [Common 17-83] Releasing license: Synthesis
38 Infos, 23 Warnings, 0 Critical Warnings and 0 Errors encountered.
synth_design completed successfully
synth_design: Time (s): cpu = 00:00:28 ; elapsed = 00:00:30 . Memory (MB): peak = 1132.301 ; gain = 107.559
INFO: [Common 17-1381] The checkpoint 'D:/hdmiAxi/hdmiAxi/hdmiAxi.runs/synth_1/hdmi_wrapper.dcp' has been generated.
INFO: [runtcl-4] Executing : report_utilization -file hdmi_wrapper_utilization_synth.rpt -pb hdmi_wrapper_utilization_synth.pb
INFO: [Common 17-206] Exiting Vivado at Mon Feb  6 12:20:09 2023...
